<?xml version="1.0" encoding="UTF-8"?>
<!-- Generated by org.testng.reporters.JUnitReportReporter -->
<testsuite hostname="B--N-H-D---N-G.local" failures="0" tests="1" name="automation.testsuite.Day12_DropdownList" time="0.551" errors="0" timestamp="2023-08-10T11:02:59 ICT" skipped="0">
  <testcase classname="automation.testsuite.Day12_DropdownList" name="handleDropdownList" time="0.551"/>
</testsuite> <!-- automation.testsuite.Day12_DropdownList -->
