<?xml version="1.0" encoding="UTF-8"?>
<!-- Generated by org.testng.reporters.JUnitReportReporter -->
<testsuite hostname="B--N-H-D---N-G" failures="0" tests="1" name="automation.testsuite.Day12_MultiCheckbox" time="1.004" errors="0" timestamp="2023-08-11T15:57:11 ICT" skipped="0">
  <testcase classname="automation.testsuite.Day12_MultiCheckbox" name="MultiCheckbox" time="1.004"/>
</testsuite> <!-- automation.testsuite.Day12_MultiCheckbox -->
