<?xml version="1.0" encoding="UTF-8"?>
<!-- Generated by org.testng.reporters.JUnitReportReporter -->
<testsuite hostname="B--N-H-D---N-G" failures="0" tests="1" name="automation.testsuite.LoginTest" time="6.444" errors="0" timestamp="2023-08-16T10:00:16 ICT" skipped="0">
  <testcase classname="automation.testsuite.LoginTest" name="LogoutSuccessfully" time="6.444"/>
</testsuite> <!-- automation.testsuite.LoginTest -->
