<?xml version="1.0" encoding="UTF-8"?>
<!-- Generated by org.testng.reporters.JUnitReportReporter -->
<testsuite hostname="B--N-H-D---N-G.local" failures="0" tests="1" name="automation.testsuite.Day12_Button" time="0.279" errors="0" timestamp="2023-08-10T11:35:45 ICT" skipped="0">
  <testcase classname="automation.testsuite.Day12_Button" name="handleButton" time="0.279"/>
</testsuite> <!-- automation.testsuite.Day12_Button -->
