<?xml version="1.0" encoding="UTF-8"?>
<!-- Generated by org.testng.reporters.JUnitReportReporter -->
<testsuite hostname="B--N-H-D---N-G" failures="0" tests="1" name="automation.testsuite.LogoutTest" time="5.962" errors="0" timestamp="2023-08-16T10:22:40 ICT" skipped="0">
  <testcase classname="automation.testsuite.LogoutTest" name="LogoutSuccessfully" time="5.962"/>
</testsuite> <!-- automation.testsuite.LogoutTest -->
