<?xml version="1.0" encoding="UTF-8"?>
<!-- Generated by org.testng.reporters.JUnitReportReporter -->
<testsuite hostname="B--N-H-D---N-G" failures="0" tests="1" name="alert_windows_iframe.Day17_Homework" time="1.485" errors="0" timestamp="2023-08-30T11:35:20 ICT" skipped="0">
  <testcase classname="alert_windows_iframe.Day17_Homework" name="homeWork1" time="1.485"/>
  <system-out/>
</testsuite> <!-- alert_windows_iframe.Day17_Homework -->
