<?xml version="1.0" encoding="UTF-8"?>
<!-- Generated by org.testng.reporters.JUnitReportReporter -->
<testsuite hostname="B--N-H-D---N-G" failures="0" tests="2" name="alert_windows_iframe.Day17_Homework_1" time="20.337" errors="0" timestamp="2023-08-31T14:14:21 ICT" skipped="0">
  <testcase classname="alert_windows_iframe.Day17_Homework_1" name="findIFrame1" time="10.233"/>
  <system-out/>
  <testcase classname="alert_windows_iframe.Day17_Homework_1" name="homeWork" time="10.104"/>
  <system-out/>
</testsuite> <!-- alert_windows_iframe.Day17_Homework_1 -->
