<?xml version="1.0" encoding="UTF-8"?>
<!-- Generated by org.testng.reporters.JUnitReportReporter -->
<testsuite hostname="B--N-H-D---N-G.local" failures="0" tests="1" name="automation.testsuite.Day14_SignUpTest" time="4.489" errors="0" timestamp="2023-08-16T21:00:34 ICT" skipped="0">
  <testcase classname="automation.testsuite.Day14_SignUpTest" name="signUpSuccessfully" time="4.489"/>
  <system-out/>
</testsuite> <!-- automation.testsuite.Day14_SignUpTest -->
