<?xml version="1.0" encoding="UTF-8"?>
<!-- Generated by org.testng.reporters.JUnitReportReporter -->
<testsuite hostname="B--N-H-D---N-G.local" failures="0" tests="1" name="automation.testsuite.Day12_RadioButton" time="0.253" errors="0" timestamp="2023-08-09T20:30:39 ICT" skipped="0">
  <testcase classname="automation.testsuite.Day12_RadioButton" name="handleRadioButton" time="0.253"/>
</testsuite> <!-- automation.testsuite.Day12_RadioButton -->
