<?xml version="1.0" encoding="UTF-8"?>
<!-- Generated by org.testng.reporters.JUnitReportReporter -->
<testsuite hostname="B--N-H-D---N-G.local" failures="0" tests="1" name="automation.testsuite.Day13_LogoutTest" time="4.897" errors="0" timestamp="2023-08-16T18:59:07 ICT" skipped="0">
  <testcase classname="automation.testsuite.Day13_LogoutTest" name="LogoutSuccessfully" time="4.897"/>
  <system-out/>
</testsuite> <!-- automation.testsuite.Day13_LogoutTest -->
