<?xml version="1.0" encoding="UTF-8"?>
<!-- Generated by org.testng.reporters.JUnitReportReporter -->
<testsuite hostname="B--N-H-D---N-G" failures="0" tests="1" name="alert_windows_iframe.WindowsPopup_ExplicitWait" time="3.643" errors="0" timestamp="2023-08-29T15:38:34 ICT" skipped="0">
  <testcase classname="alert_windows_iframe.WindowsPopup_ExplicitWait" name="TestPopupWindow" time="3.643"/>
  <system-out/>
</testsuite> <!-- alert_windows_iframe.WindowsPopup_ExplicitWait -->
