<?xml version="1.0" encoding="UTF-8"?>
<!-- Generated by org.testng.reporters.JUnitReportReporter -->
<testsuite hostname="B--N-H-D---N-G.local" failures="0" tests="1" name="automation.testsuite.LogoutTest" time="5.438" errors="0" timestamp="2023-08-16T18:43:49 ICT" skipped="0">
  <testcase classname="automation.testsuite.LogoutTest" name="LogoutSuccessfully" time="5.438"/>
  <system-out/>
</testsuite> <!-- automation.testsuite.LogoutTest -->
