<?xml version="1.0" encoding="UTF-8"?>
<!-- Generated by org.testng.reporters.JUnitReportReporter -->
<testsuite hostname="B--N-H-D---N-G" failures="0" tests="2" name="alert_windows_iframe.Iframe_ExplicitWait" time="40.529" errors="0" timestamp="2023-08-30T11:09:58 ICT" skipped="0">
  <testcase classname="alert_windows_iframe.Iframe_ExplicitWait" name="findIFrame1" time="40.120"/>
  <system-out/>
  <testcase classname="alert_windows_iframe.Iframe_ExplicitWait" name="handleIFrame" time="0.409"/>
  <system-out/>
</testsuite> <!-- alert_windows_iframe.Iframe_ExplicitWait -->
