<?xml version="1.0" encoding="UTF-8"?>
<!-- Generated by org.testng.reporters.JUnitReportReporter -->
<testsuite hostname="B--N-H-D---N-G" failures="0" tests="3" name="automation.testsuite.Day14_LoginTestFactory" time="22.296" errors="0" timestamp="2023-08-31T15:10:27 ICT" skipped="0">
  <testcase classname="automation.testsuite.Day14_LoginTestFactory" name="loginSuccessfully" time="7.191"/>
  <system-out/>
  <testcase classname="automation.testsuite.Day14_LoginTestFactory" name="loginSuccessfully" time="7.903"/>
  <system-out/>
  <testcase classname="automation.testsuite.Day14_LoginTestFactory" name="loginSuccessfully" time="7.202"/>
  <system-out/>
</testsuite> <!-- automation.testsuite.Day14_LoginTestFactory -->
