<?xml version="1.0" encoding="UTF-8"?>
<!-- Generated by org.testng.reporters.JUnitReportReporter -->
<testsuite hostname="B--N-H-D---N-G.local" failures="0" tests="1" name="automation.testsuite.HomeworkDay12" time="0.548" errors="0" timestamp="2023-08-13T12:45:37 ICT" skipped="0">
  <testcase classname="automation.testsuite.HomeworkDay12" name="handleTextBox" time="0.548"/>
</testsuite> <!-- automation.testsuite.HomeworkDay12 -->
