<?xml version="1.0" encoding="UTF-8"?>
<!-- Generated by org.testng.reporters.JUnitReportReporter -->
<testsuite hostname="B--N-H-D---N-G.local" failures="0" tests="1" name="automation.testsuite.Day15_ClientTestFactory" time="25.291" errors="0" timestamp="2023-08-21T11:19:36 ICT" skipped="0">
  <testcase classname="automation.testsuite.Day15_ClientTestFactory" name="addClientSuccessfully" time="25.291"/>
  <system-out/>
</testsuite> <!-- automation.testsuite.Day15_ClientTestFactory -->
