<?xml version="1.0" encoding="UTF-8"?>
<!-- Generated by org.testng.reporters.JUnitReportReporter -->
<testsuite hostname="B--N-H-D---N-G" failures="0" tests="1" name="alert_windows_iframe.AlertBasic" time="4.207" errors="0" timestamp="2023-08-28T14:54:57 ICT" skipped="0">
  <testcase classname="alert_windows_iframe.AlertBasic" name="TestAlert01" time="4.207"/>
  <system-out/>
</testsuite> <!-- alert_windows_iframe.AlertBasic -->
