<?xml version="1.0" encoding="UTF-8"?>
<!-- Generated by org.testng.reporters.JUnitReportReporter -->
<testsuite hostname="B--N-H-D---N-G" failures="0" tests="1" name="alert_windows_iframe.AlertSendkeys" time="4.459" errors="0" timestamp="2023-08-28T14:58:43 ICT" skipped="0">
  <testcase classname="alert_windows_iframe.AlertSendkeys" name="TestAlert02" time="4.459"/>
  <system-out/>
</testsuite> <!-- alert_windows_iframe.AlertSendkeys -->
