<?xml version="1.0" encoding="UTF-8"?>
<!-- Generated by org.testng.reporters.JUnitReportReporter -->
<testsuite hostname="B--N-H-D---N-G.local" failures="0" tests="1" name="automation.testsuite.SearchFlights_Day16" time="4.359" errors="0" timestamp="2023-08-21T13:06:20 ICT" skipped="0">
  <testcase classname="automation.testsuite.SearchFlights_Day16" name="ChooseDatePicker" time="4.359"/>
  <system-out/>
</testsuite> <!-- automation.testsuite.SearchFlights_Day16 -->
