<?xml version="1.0" encoding="UTF-8"?>
<!-- Generated by org.testng.reporters.JUnitReportReporter -->
<testsuite hostname="B--N-H-D---N-G" failures="0" tests="1" name="automation.testsuite.Day14_LoginWithNewPasswordTestFactory" time="151.033" errors="0" timestamp="2023-08-18T10:41:06 ICT" skipped="0">
  <testcase classname="automation.testsuite.Day14_LoginWithNewPasswordTestFactory" name="loginSuccessfullyWithNewPassword" time="151.033"/>
  <system-out/>
</testsuite> <!-- automation.testsuite.Day14_LoginWithNewPasswordTestFactory -->
