<?xml version="1.0" encoding="UTF-8"?>
<!-- Generated by org.testng.reporters.JUnitReportReporter -->
<testsuite hostname="B--N-H-D---N-G" failures="0" tests="1" name="automation.testsuite.EventManagement" time="13.888" errors="0" timestamp="2023-09-18T15:49:00 ICT" skipped="0">
  <testcase classname="automation.testsuite.EventManagement" name="editEventSuccessfully" time="13.888"/>
  <system-out/>
</testsuite> <!-- automation.testsuite.EventManagement -->
