<?xml version="1.0" encoding="UTF-8"?>
<!-- Generated by org.testng.reporters.JUnitReportReporter -->
<testsuite hostname="B--N-H-D---N-G" failures="0" tests="1" name="automation.testsuite.Day12_DropdownList" time="0.537" errors="0" timestamp="2023-09-13T17:10:45 ICT" skipped="0">
  <testcase classname="automation.testsuite.Day12_DropdownList" name="handleDropdownList" time="0.537"/>
  <system-out/>
</testsuite> <!-- automation.testsuite.Day12_DropdownList -->
