<?xml version="1.0" encoding="UTF-8"?>
<!-- Generated by org.testng.reporters.JUnitReportReporter -->
<testsuite hostname="B--N-H-D---N-G.local" failures="0" tests="1" name="automation.testsuite.Day15_ClientTestFactory" time="22.143" errors="0" timestamp="2023-08-30T20:25:00 ICT" skipped="0">
  <testcase classname="automation.testsuite.Day15_ClientTestFactory" name="addClientSuccessfully" time="22.143"/>
  <system-out/>
</testsuite> <!-- automation.testsuite.Day15_ClientTestFactory -->
