<?xml version="1.0" encoding="UTF-8"?>
<!-- Generated by org.testng.reporters.JUnitReportReporter -->
<testsuite hostname="B--N-H-D---N-G" failures="0" tests="2" name="alert_windows_iframe.Day17_Homework_2" time="10.596" errors="0" timestamp="2023-08-30T14:58:51 ICT" skipped="0">
  <testcase classname="alert_windows_iframe.Day17_Homework_2" name="findIFrame1" time="10.160"/>
  <system-out/>
  <testcase classname="alert_windows_iframe.Day17_Homework_2" name="homeWork" time="0.436"/>
  <system-out/>
</testsuite> <!-- alert_windows_iframe.Day17_Homework_2 -->
