<?xml version="1.0" encoding="UTF-8"?>
<!-- Generated by org.testng.reporters.JUnitReportReporter -->
<testsuite hostname="B--N-H-D---N-G" failures="0" tests="3" name="automation.testsuite.HomeWorkDay8_2" time="0.052" errors="0" timestamp="2023-07-26T16:48:44 ICT" skipped="0">
  <testcase classname="automation.testsuite.HomeWorkDay8_2" name="findByTagName" time="0.008"/>
  <testcase classname="automation.testsuite.HomeWorkDay8_2" name="findById" time="0.028"/>
  <testcase classname="automation.testsuite.HomeWorkDay8_2" name="findByName" time="0.016"/>
</testsuite> <!-- automation.testsuite.HomeWorkDay8_2 -->
